Performing C SOURCE FILE Test CMAKE_HAVE_LIBC_PTHREAD failed with the following output:
Change Dir: /home/busy/github/chat_room/build/CMakeFiles/CMakeTmp

Run Build Command(s):/usr/bin/make cmTC_765e9/fast && make[1]: 进入目录“/home/busy/github/chat_room/build/CMakeFiles/CMakeTmp”
/usr/bin/make -f CMakeFiles/cmTC_765e9.dir/build.make CMakeFiles/cmTC_765e9.dir/build
make[2]: 进入目录“/home/busy/github/chat_room/build/CMakeFiles/CMakeTmp”
Building C object CMakeFiles/cmTC_765e9.dir/src.c.o
/usr/bin/gcc   -rdynamic -O3 -fPIC -ggdb -std=c11 -Wall -Wno-deprecated -Werror -Wno-unused-function -Wno-builtin-macro-redefined -Wno-deprecated-declarations -DCMAKE_HAVE_LIBC_PTHREAD   -o CMakeFiles/cmTC_765e9.dir/src.c.o   -c /home/busy/github/chat_room/build/CMakeFiles/CMakeTmp/src.c
Linking C executable cmTC_765e9
/usr/bin/cmake -E cmake_link_script CMakeFiles/cmTC_765e9.dir/link.txt --verbose=1
/usr/bin/gcc  -rdynamic -O3 -fPIC -ggdb -std=c11 -Wall -Wno-deprecated -Werror -Wno-unused-function -Wno-builtin-macro-redefined -Wno-deprecated-declarations -DCMAKE_HAVE_LIBC_PTHREAD    -rdynamic CMakeFiles/cmTC_765e9.dir/src.c.o  -o cmTC_765e9 
/usr/bin/ld: CMakeFiles/cmTC_765e9.dir/src.c.o: in function `main':
/home/busy/github/chat_room/build/CMakeFiles/CMakeTmp/src.c:11: undefined reference to `pthread_create'
/usr/bin/ld: /home/busy/github/chat_room/build/CMakeFiles/CMakeTmp/src.c:12: undefined reference to `pthread_detach'
/usr/bin/ld: /home/busy/github/chat_room/build/CMakeFiles/CMakeTmp/src.c:13: undefined reference to `pthread_join'
collect2: error: ld returned 1 exit status
make[2]: *** [CMakeFiles/cmTC_765e9.dir/build.make:87：cmTC_765e9] 错误 1
make[2]: 离开目录“/home/busy/github/chat_room/build/CMakeFiles/CMakeTmp”
make[1]: *** [Makefile:121：cmTC_765e9/fast] 错误 2
make[1]: 离开目录“/home/busy/github/chat_room/build/CMakeFiles/CMakeTmp”


Source file was:
#include <pthread.h>

void* test_func(void* data)
{
  return data;
}

int main(void)
{
  pthread_t thread;
  pthread_create(&thread, NULL, test_func, NULL);
  pthread_detach(thread);
  pthread_join(thread, NULL);
  pthread_atfork(NULL, NULL, NULL);
  pthread_exit(NULL);

  return 0;
}

Determining if the function pthread_create exists in the pthreads failed with the following output:
Change Dir: /home/busy/github/chat_room/build/CMakeFiles/CMakeTmp

Run Build Command(s):/usr/bin/make cmTC_2cc65/fast && make[1]: 进入目录“/home/busy/github/chat_room/build/CMakeFiles/CMakeTmp”
/usr/bin/make -f CMakeFiles/cmTC_2cc65.dir/build.make CMakeFiles/cmTC_2cc65.dir/build
make[2]: 进入目录“/home/busy/github/chat_room/build/CMakeFiles/CMakeTmp”
Building C object CMakeFiles/cmTC_2cc65.dir/CheckFunctionExists.c.o
/usr/bin/gcc   -rdynamic -O3 -fPIC -ggdb -std=c11 -Wall -Wno-deprecated -Werror -Wno-unused-function -Wno-builtin-macro-redefined -Wno-deprecated-declarations -DCHECK_FUNCTION_EXISTS=pthread_create   -o CMakeFiles/cmTC_2cc65.dir/CheckFunctionExists.c.o   -c /usr/share/cmake-3.16/Modules/CheckFunctionExists.c
Linking C executable cmTC_2cc65
/usr/bin/cmake -E cmake_link_script CMakeFiles/cmTC_2cc65.dir/link.txt --verbose=1
/usr/bin/gcc  -rdynamic -O3 -fPIC -ggdb -std=c11 -Wall -Wno-deprecated -Werror -Wno-unused-function -Wno-builtin-macro-redefined -Wno-deprecated-declarations -DCHECK_FUNCTION_EXISTS=pthread_create    -rdynamic CMakeFiles/cmTC_2cc65.dir/CheckFunctionExists.c.o  -o cmTC_2cc65  -lpthreads 
/usr/bin/ld: 找不到 -lpthreads
collect2: error: ld returned 1 exit status
make[2]: *** [CMakeFiles/cmTC_2cc65.dir/build.make:87：cmTC_2cc65] 错误 1
make[2]: 离开目录“/home/busy/github/chat_room/build/CMakeFiles/CMakeTmp”
make[1]: *** [Makefile:121：cmTC_2cc65/fast] 错误 2
make[1]: 离开目录“/home/busy/github/chat_room/build/CMakeFiles/CMakeTmp”



